<?xml version="1.0" encoding="UTF-8"?>
<coverage generated="1643323570509" clover="3.2.0">
  <project timestamp="1643323570509" name="All files">
    <metrics statements="27" coveredstatements="26" conditionals="0" coveredconditionals="0" methods="9" coveredmethods="8" elements="36" coveredelements="34" complexity="0" loc="27" ncloc="27" packages="2" files="4" classes="4"/>
    <package name="scripts">
      <metrics statements="1" coveredstatements="1" conditionals="0" coveredconditionals="0" methods="0" coveredmethods="0"/>
      <file name="series.js" path="C:\Users\alons\OneDrive\Documents\Bootcamp\Week 3\Challenge 2\web\scripts\series.js">
        <metrics statements="1" coveredstatements="1" conditionals="0" coveredconditionals="0" methods="0" coveredmethods="0"/>
        <line num="1" count="1" type="stmt"/>
      </file>
    </package>
    <package name="scripts.components">
      <metrics statements="26" coveredstatements="25" conditionals="0" coveredconditionals="0" methods="9" coveredmethods="8"/>
      <file name="Card.js" path="C:\Users\alons\OneDrive\Documents\Bootcamp\Week 3\Challenge 2\web\scripts\components\Card.js">
        <metrics statements="7" coveredstatements="7" conditionals="0" coveredconditionals="0" methods="2" coveredmethods="2"/>
        <line num="12" count="2" type="stmt"/>
        <line num="14" count="2" type="stmt"/>
        <line num="15" count="2" type="stmt"/>
        <line num="16" count="2" type="stmt"/>
        <line num="17" count="2" type="stmt"/>
        <line num="18" count="2" type="stmt"/>
        <line num="22" count="2" type="stmt"/>
      </file>
      <file name="Component.js" path="C:\Users\alons\OneDrive\Documents\Bootcamp\Week 3\Challenge 2\web\scripts\components\Component.js">
        <metrics statements="3" coveredstatements="3" conditionals="0" coveredconditionals="0" methods="1" coveredmethods="1"/>
        <line num="4" count="4" type="stmt"/>
        <line num="5" count="4" type="stmt"/>
        <line num="6" count="4" type="stmt"/>
      </file>
      <file name="Stars.js" path="C:\Users\alons\OneDrive\Documents\Bootcamp\Week 3\Challenge 2\web\scripts\components\Stars.js">
        <metrics statements="16" coveredstatements="15" conditionals="0" coveredconditionals="0" methods="6" coveredmethods="5"/>
        <line num="6" count="1" type="stmt"/>
        <line num="7" count="1" type="stmt"/>
        <line num="8" count="1" type="stmt"/>
        <line num="9" count="1" type="stmt"/>
        <line num="13" count="1" type="stmt"/>
        <line num="31" count="1" type="stmt"/>
        <line num="32" count="1" type="stmt"/>
        <line num="33" count="1" type="stmt"/>
        <line num="34" count="1" type="stmt"/>
        <line num="35" count="1" type="stmt"/>
        <line num="36" count="1" type="stmt"/>
        <line num="37" count="1" type="stmt"/>
        <line num="38" count="5" type="stmt"/>
        <line num="43" count="1" type="stmt"/>
        <line num="44" count="5" type="stmt"/>
        <line num="45" count="0" type="stmt"/>
      </file>
    </package>
  </project>
</coverage>
