<?xml version="1.0" encoding="UTF-8"?>
<coverage generated="1643316264133" clover="3.2.0">
  <project timestamp="1643316264134" name="All files">
    <metrics statements="3" coveredstatements="3" conditionals="0" coveredconditionals="0" methods="1" coveredmethods="1" elements="4" coveredelements="4" complexity="0" loc="3" ncloc="3" packages="1" files="1" classes="1"/>
    <file name="Component.js" path="C:\Users\berme\Documents\proyectos\projectes\week3\challenge3\emiliano-polanco-josep-conejero-challenge-2\web\scripts\components\Component.js">
      <metrics statements="3" coveredstatements="3" conditionals="0" coveredconditionals="0" methods="1" coveredmethods="1"/>
      <line num="4" count="2" type="stmt"/>
      <line num="5" count="2" type="stmt"/>
      <line num="6" count="2" type="stmt"/>
    </file>
  </project>
</coverage>
