{"C:\\Users\\berme\\Documents\\proyectos\\projectes\\week3\\challenge3\\emiliano-polanco-josep-conejero-challenge-2\\web\\scripts\\components\\Component.js": {"path":"C:\\Users\\berme\\Documents\\proyectos\\projectes\\week3\\challenge3\\emiliano-polanco-josep-conejero-challenge-2\\web\\scripts\\components\\Component.js","statementMap":{"0":{"start":{"line":4,"column":4},"end":{"line":4,"column":51}},"1":{"start":{"line":5,"column":4},"end":{"line":5,"column":39}},"2":{"start":{"line":6,"column":4},"end":{"line":6,"column":39}}},"fnMap":{"0":{"name":"(anonymous_0)","decl":{"start":{"line":3,"column":2},"end":{"line":3,"column":3}},"loc":{"start":{"line":3,"column":49},"end":{"line":7,"column":3}},"line":3}},"branchMap":{},"s":{"0":2,"1":2,"2":2},"f":{"0":2},"b":{},"_coverageSchema":"1a1c01bbd47fc00a2c39e90264f33305004495a9","hash":"a8067413a728cee4b8eeec9be488fc7e0cd32606"}
}
