{"C:\\Users\\alons\\OneDrive\\Documents\\Bootcamp\\Week 3\\Challenge 2\\web\\scripts\\series.js": {"path":"C:\\Users\\alons\\OneDrive\\Documents\\Bootcamp\\Week 3\\Challenge 2\\web\\scripts\\series.js","statementMap":{"0":{"start":{"line":1,"column":15},"end":{"line":55,"column":1}}},"fnMap":{},"branchMap":{},"s":{"0":1},"f":{},"b":{},"_coverageSchema":"1a1c01bbd47fc00a2c39e90264f33305004495a9","hash":"4eaa63bd4dcd1d18f91198176963c08273ef0f6f"}
,"C:\\Users\\alons\\OneDrive\\Documents\\Bootcamp\\Week 3\\Challenge 2\\web\\scripts\\components\\Card.js": {"path":"C:\\Users\\alons\\OneDrive\\Documents\\Bootcamp\\Week 3\\Challenge 2\\web\\scripts\\components\\Card.js","statementMap":{"0":{"start":{"line":12,"column":4},"end":{"line":12,"column":42}},"1":{"start":{"line":14,"column":4},"end":{"line":14,"column":35}},"2":{"start":{"line":15,"column":4},"end":{"line":15,"column":34}},"3":{"start":{"line":16,"column":4},"end":{"line":16,"column":64}},"4":{"start":{"line":17,"column":4},"end":{"line":17,"column":49}},"5":{"start":{"line":18,"column":4},"end":{"line":18,"column":49}},"6":{"start":{"line":22,"column":4},"end":{"line":31,"column":66}}},"fnMap":{"0":{"name":"(anonymous_0)","decl":{"start":{"line":11,"column":2},"end":{"line":11,"column":3}},"loc":{"start":{"line":11,"column":47},"end":{"line":19,"column":3}},"line":11},"1":{"name":"(anonymous_1)","decl":{"start":{"line":21,"column":2},"end":{"line":21,"column":3}},"loc":{"start":{"line":21,"column":17},"end":{"line":32,"column":3}},"line":21}},"branchMap":{},"s":{"0":2,"1":2,"2":2,"3":2,"4":2,"5":2,"6":2},"f":{"0":2,"1":2},"b":{},"_coverageSchema":"1a1c01bbd47fc00a2c39e90264f33305004495a9","hash":"8239fc5f463f4d4fecced0a75ee8da087ad6205e"}
,"C:\\Users\\alons\\OneDrive\\Documents\\Bootcamp\\Week 3\\Challenge 2\\web\\scripts\\components\\Component.js": {"path":"C:\\Users\\alons\\OneDrive\\Documents\\Bootcamp\\Week 3\\Challenge 2\\web\\scripts\\components\\Component.js","statementMap":{"0":{"start":{"line":4,"column":4},"end":{"line":4,"column":51}},"1":{"start":{"line":5,"column":4},"end":{"line":5,"column":39}},"2":{"start":{"line":6,"column":4},"end":{"line":6,"column":39}}},"fnMap":{"0":{"name":"(anonymous_0)","decl":{"start":{"line":3,"column":2},"end":{"line":3,"column":3}},"loc":{"start":{"line":3,"column":49},"end":{"line":7,"column":3}},"line":3}},"branchMap":{},"s":{"0":4,"1":4,"2":4},"f":{"0":4},"b":{},"_coverageSchema":"1a1c01bbd47fc00a2c39e90264f33305004495a9","hash":"87b38e77d714b556b22210ff1bc1d3e05c62fa16"}
,"C:\\Users\\alons\\OneDrive\\Documents\\Bootcamp\\Week 3\\Challenge 2\\web\\scripts\\components\\Stars.js": {"path":"C:\\Users\\alons\\OneDrive\\Documents\\Bootcamp\\Week 3\\Challenge 2\\web\\scripts\\components\\Stars.js","statementMap":{"0":{"start":{"line":6,"column":4},"end":{"line":6,"column":40}},"1":{"start":{"line":7,"column":4},"end":{"line":7,"column":22}},"2":{"start":{"line":8,"column":4},"end":{"line":8,"column":25}},"3":{"start":{"line":9,"column":4},"end":{"line":9,"column":24}},"4":{"start":{"line":13,"column":4},"end":{"line":27,"column":25}},"5":{"start":{"line":31,"column":4},"end":{"line":31,"column":30}},"6":{"start":{"line":32,"column":4},"end":{"line":32,"column":60}},"7":{"start":{"line":33,"column":4},"end":{"line":33,"column":60}},"8":{"start":{"line":34,"column":4},"end":{"line":34,"column":60}},"9":{"start":{"line":35,"column":4},"end":{"line":35,"column":60}},"10":{"start":{"line":36,"column":4},"end":{"line":36,"column":60}},"11":{"start":{"line":37,"column":4},"end":{"line":39,"column":6}},"12":{"start":{"line":38,"column":6},"end":{"line":38,"column":67}},"13":{"start":{"line":43,"column":4},"end":{"line":47,"column":5}},"14":{"start":{"line":43,"column":17},"end":{"line":43,"column":18}},"15":{"start":{"line":44,"column":6},"end":{"line":46,"column":9}},"16":{"start":{"line":45,"column":8},"end":{"line":45,"column":49}}},"fnMap":{"0":{"name":"(anonymous_0)","decl":{"start":{"line":5,"column":2},"end":{"line":5,"column":3}},"loc":{"start":{"line":5,"column":29},"end":{"line":10,"column":3}},"line":5},"1":{"name":"(anonymous_1)","decl":{"start":{"line":12,"column":2},"end":{"line":12,"column":3}},"loc":{"start":{"line":12,"column":15},"end":{"line":28,"column":3}},"line":12},"2":{"name":"(anonymous_2)","decl":{"start":{"line":30,"column":2},"end":{"line":30,"column":3}},"loc":{"start":{"line":30,"column":18},"end":{"line":40,"column":3}},"line":30},"3":{"name":"(anonymous_3)","decl":{"start":{"line":37,"column":19},"end":{"line":37,"column":20}},"loc":{"start":{"line":38,"column":6},"end":{"line":38,"column":67}},"line":38},"4":{"name":"(anonymous_4)","decl":{"start":{"line":42,"column":2},"end":{"line":42,"column":3}},"loc":{"start":{"line":42,"column":17},"end":{"line":48,"column":3}},"line":42},"5":{"name":"(anonymous_5)","decl":{"start":{"line":44,"column":46},"end":{"line":44,"column":47}},"loc":{"start":{"line":44,"column":52},"end":{"line":46,"column":7}},"line":44}},"branchMap":{},"s":{"0":1,"1":1,"2":1,"3":1,"4":1,"5":1,"6":1,"7":1,"8":1,"9":1,"10":1,"11":1,"12":5,"13":1,"14":1,"15":5,"16":0},"f":{"0":1,"1":1,"2":1,"3":5,"4":1,"5":0},"b":{},"_coverageSchema":"1a1c01bbd47fc00a2c39e90264f33305004495a9","hash":"3d9f5b2094d6e2d5366ac446332f8ead5a8c7b21"}
}
